c:\users\jk\desktop\d3dproject_deadpool\d3dxframework\tool\debug\tool.pch
c:\users\jk\desktop\d3dproject_deadpool\d3dxframework\tool\debug\vc140.pdb
c:\users\jk\desktop\d3dproject_deadpool\d3dxframework\tool\debug\vc140.idb
c:\users\jk\desktop\d3dproject_deadpool\d3dxframework\tool\debug\stdafx.obj
c:\users\jk\desktop\d3dproject_deadpool\d3dxframework\tool\debug\campoint.obj
c:\users\jk\desktop\d3dproject_deadpool\d3dxframework\tool\debug\eventcube.obj
c:\users\jk\desktop\d3dproject_deadpool\d3dxframework\tool\debug\form.obj
c:\users\jk\desktop\d3dproject_deadpool\d3dxframework\tool\debug\mainfrm.obj
c:\users\jk\desktop\d3dproject_deadpool\d3dxframework\tool\debug\page_animation.obj
c:\users\jk\desktop\d3dproject_deadpool\d3dxframework\tool\debug\page_cinemacam.obj
c:\users\jk\desktop\d3dproject_deadpool\d3dxframework\tool\debug\page_navigation.obj
c:\users\jk\desktop\d3dproject_deadpool\d3dxframework\tool\debug\page_object.obj
c:\users\jk\desktop\d3dproject_deadpool\d3dxframework\tool\debug\page_terrain.obj
c:\users\jk\desktop\d3dproject_deadpool\d3dxframework\tool\debug\player.obj
c:\users\jk\desktop\d3dproject_deadpool\d3dxframework\tool\debug\sheet.obj
c:\users\jk\desktop\d3dproject_deadpool\d3dxframework\tool\debug\static_object.obj
c:\users\jk\desktop\d3dproject_deadpool\d3dxframework\tool\debug\texture_bmp.obj
c:\users\jk\desktop\d3dproject_deadpool\d3dxframework\tool\debug\tool.obj
c:\users\jk\desktop\d3dproject_deadpool\d3dxframework\tool\debug\toolcamera.obj
c:\users\jk\desktop\d3dproject_deadpool\d3dxframework\tool\debug\tooldoc.obj
c:\users\jk\desktop\d3dproject_deadpool\d3dxframework\tool\debug\toolterrain.obj
c:\users\jk\desktop\d3dproject_deadpool\d3dxframework\tool\debug\toolview.obj
c:\users\jk\desktop\d3dproject_deadpool\d3dxframework\tool\bin\shader_staticmesh.cso
c:\users\jk\desktop\d3dproject_deadpool\d3dxframework\tool\bin\shader_terrain.cso
c:\users\jk\desktop\d3dproject_deadpool\d3dxframework\tool\bin\tool.ilk
c:\users\jk\desktop\d3dproject_deadpool\d3dxframework\tool\bin\tool.exe
c:\users\jk\desktop\d3dproject_deadpool\d3dxframework\tool\bin\tool.pdb
c:\users\jk\desktop\d3dproject_deadpool\d3dxframework\tool\debug\tool.res
c:\users\jk\desktop\d3dproject_deadpool\d3dxframework\tool\.\bin\tool.exe
c:\users\jk\desktop\d3dproject_deadpool\d3dxframework\tool\debug\tool.tlog\cl.command.1.tlog
c:\users\jk\desktop\d3dproject_deadpool\d3dxframework\tool\debug\tool.tlog\cl.read.1.tlog
c:\users\jk\desktop\d3dproject_deadpool\d3dxframework\tool\debug\tool.tlog\cl.write.1.tlog
c:\users\jk\desktop\d3dproject_deadpool\d3dxframework\tool\debug\tool.tlog\fxc.command.1.tlog
c:\users\jk\desktop\d3dproject_deadpool\d3dxframework\tool\debug\tool.tlog\fxc.read.1.tlog
c:\users\jk\desktop\d3dproject_deadpool\d3dxframework\tool\debug\tool.tlog\fxc.write.1.tlog
c:\users\jk\desktop\d3dproject_deadpool\d3dxframework\tool\debug\tool.tlog\link.command.1.tlog
c:\users\jk\desktop\d3dproject_deadpool\d3dxframework\tool\debug\tool.tlog\link.read.1.tlog
c:\users\jk\desktop\d3dproject_deadpool\d3dxframework\tool\debug\tool.tlog\link.write.1.tlog
c:\users\jk\desktop\d3dproject_deadpool\d3dxframework\tool\debug\tool.tlog\rc.command.1.tlog
c:\users\jk\desktop\d3dproject_deadpool\d3dxframework\tool\debug\tool.tlog\rc.read.1.tlog
c:\users\jk\desktop\d3dproject_deadpool\d3dxframework\tool\debug\tool.tlog\rc.write.1.tlog
c:\users\jk\desktop\d3dproject_deadpool\d3dxframework\tool\debug\tool.tlog\tool.write.1u.tlog
