  CamPoint.cpp
d:\github\d3dproject_deadpool\d3dxframework\tool\campoint.h(22): warning C4800: 'BOOL': 'true' 또는 'false'로 bool 값을 강제하고 있습니다(성능 경고).
d:\github\d3dproject_deadpool\d3dxframework\tool\campoint.cpp(105): warning C4805: '==': 연산에 'bool' 형식과 'BOOL' 형식을 함께 사용하는 것은 안전하지 않습니다.
  코드를 생성하고 있습니다...
  컴파일하고 있습니다...
  ToolView.cpp
d:\github\d3dproject_deadpool\d3dxframework\tool\campoint.h(22): warning C4800: 'BOOL': 'true' 또는 'false'로 bool 값을 강제하고 있습니다(성능 경고).
d:\github\d3dproject_deadpool\d3dxframework\tool\eventcube.h(22): warning C4800: 'BOOL': 'true' 또는 'false'로 bool 값을 강제하고 있습니다(성능 경고).
d:\github\d3dproject_deadpool\d3dxframework\tool\navpoint.h(22): warning C4800: 'BOOL': 'true' 또는 'false'로 bool 값을 강제하고 있습니다(성능 경고).
  ToolTerrain.cpp
d:\github\d3dproject_deadpool\d3dxframework\tool\navpoint.h(22): warning C4800: 'BOOL': 'true' 또는 'false'로 bool 값을 강제하고 있습니다(성능 경고).
d:\github\d3dproject_deadpool\d3dxframework\tool\toolterrain.cpp(314): warning C4018: '<': signed 또는 unsigned가 일치하지 않습니다.
d:\github\d3dproject_deadpool\d3dxframework\tool\toolterrain.cpp(316): warning C4018: '<': signed 또는 unsigned가 일치하지 않습니다.
  ToolCamera.cpp
  Static_Object.cpp
  Player.cpp
  Page_Terrain.cpp
  NavPoint.cpp
d:\github\d3dproject_deadpool\d3dxframework\tool\navpoint.h(22): warning C4800: 'BOOL': 'true' 또는 'false'로 bool 값을 강제하고 있습니다(성능 경고).
d:\github\d3dproject_deadpool\d3dxframework\tool\navpoint.cpp(107): warning C4805: '==': 연산에 'bool' 형식과 'BOOL' 형식을 함께 사용하는 것은 안전하지 않습니다.
  Form.cpp
  EventCube.cpp
d:\github\d3dproject_deadpool\d3dxframework\tool\eventcube.h(22): warning C4800: 'BOOL': 'true' 또는 'false'로 bool 값을 강제하고 있습니다(성능 경고).
d:\github\d3dproject_deadpool\d3dxframework\tool\eventcube.cpp(105): warning C4805: '==': 연산에 'bool' 형식과 'BOOL' 형식을 함께 사용하는 것은 안전하지 않습니다.
  코드를 생성하고 있습니다...
  Tool.vcxproj -> D:\gitHub\D3DProject_DeadPool\D3DXFrameWork\Tool\.\Bin\Tool.exe
  Tool.vcxproj -> .\Bin\Tool.pdb (Partial PDB)
