  Client.cpp
  UI_Test.cpp
d:\github\d3dproject_deadpool\d3dxframework\client\codes\ui_test.cpp(138): warning C4244: '인수': 'const unsigned int'에서 'FLOAT'(으)로 변환하면서 데이터가 손실될 수 있습니다.
  UI_HPBar.cpp
  UI_CrossHair.cpp
d:\github\d3dproject_deadpool\d3dxframework\client\codes\ui_crosshair.cpp(150): warning C4244: '인수': 'const unsigned int'에서 'FLOAT'(으)로 변환하면서 데이터가 손실될 수 있습니다.
  Test.cpp
  Terrain.cpp
  TalkBox.cpp
d:\github\d3dproject_deadpool\d3dxframework\client\codes\talkbox.cpp(27): warning C4244: '=': 'Engine::_uint'에서 'Engine::_float'(으)로 변환하면서 데이터가 손실될 수 있습니다.
d:\github\d3dproject_deadpool\d3dxframework\client\codes\talkbox.cpp(161): warning C4244: '인수': 'const unsigned int'에서 'FLOAT'(으)로 변환하면서 데이터가 손실될 수 있습니다.
  Static_Object.cpp
  Static_Airplane.cpp
  SkyDom.cpp
  Scene_Stage.cpp
  Scene_Logo.cpp
  Scene_Loading.cpp
  Scene_Intro.cpp
  Scene_Field.cpp
  Scene_AirPlane.cpp
  Prop.cpp
  Player.cpp
d:\github\d3dproject_deadpool\d3dxframework\client\codes\player.cpp(514): warning C4018: '<': signed 또는 unsigned가 일치하지 않습니다.
  Minigun.cpp
  MainApp.cpp
  Loading.cpp
d:\github\d3dproject_deadpool\d3dxframework\client\headers\event_cube.h(25): warning C4800: 'BOOL': 'true' 또는 'false'로 bool 값을 강제하고 있습니다(성능 경고).
d:\github\d3dproject_deadpool\d3dxframework\client\codes\loading.cpp(287): warning C4305: '인수': 'double'에서 'FLOAT'(으)로 잘립니다.
d:\github\d3dproject_deadpool\d3dxframework\client\codes\loading.cpp(427): warning C4305: '인수': 'double'에서 'FLOAT'(으)로 잘립니다.
d:\github\d3dproject_deadpool\d3dxframework\client\codes\loading.cpp(437): warning C4305: '인수': 'double'에서 'FLOAT'(으)로 잘립니다.
d:\github\d3dproject_deadpool\d3dxframework\client\codes\loading.cpp(489): warning C4305: '인수': 'double'에서 'FLOAT'(으)로 잘립니다.
d:\github\d3dproject_deadpool\d3dxframework\client\codes\loading.cpp(499): warning C4305: '인수': 'double'에서 'FLOAT'(으)로 잘립니다.
  Event_Cube.cpp
d:\github\d3dproject_deadpool\d3dxframework\client\headers\event_cube.h(25): warning C4800: 'BOOL': 'true' 또는 'false'로 bool 값을 강제하고 있습니다(성능 경고).
  Effect_RectParticle.cpp
d:\github\d3dproject_deadpool\d3dxframework\client\codes\effect_rectparticle.cpp(32): warning C4244: '=': 'int'에서 'Engine::_float'(으)로 변환하면서 데이터가 손실될 수 있습니다.
  Effect_Mesh.cpp
  Effect.cpp
d:\github\d3dproject_deadpool\d3dxframework\client\codes\effect.cpp(29): warning C4244: '인수': 'int'에서 'FLOAT'(으)로 변환하면서 데이터가 손실될 수 있습니다.
  DP_Sword.cpp
  DP_Gun.cpp
  Dog.cpp
  Camera_Target.cpp
d:\github\d3dproject_deadpool\d3dxframework\client\codes\camera_target.cpp(50): warning C4244: '=': 'float'에서 'LONG'(으)로 변환하면서 데이터가 손실될 수 있습니다.
d:\github\d3dproject_deadpool\d3dxframework\client\codes\camera_target.cpp(51): warning C4244: '=': 'float'에서 'LONG'(으)로 변환하면서 데이터가 손실될 수 있습니다.
  Camera_Minigun.cpp
d:\github\d3dproject_deadpool\d3dxframework\client\codes\camera_minigun.cpp(67): warning C4244: '=': 'float'에서 'LONG'(으)로 변환하면서 데이터가 손실될 수 있습니다.
d:\github\d3dproject_deadpool\d3dxframework\client\codes\camera_minigun.cpp(68): warning C4244: '=': 'float'에서 'LONG'(으)로 변환하면서 데이터가 손실될 수 있습니다.
  Camera_Debug.cpp
d:\github\d3dproject_deadpool\d3dxframework\client\codes\camera_debug.cpp(51): warning C4244: '=': 'float'에서 'LONG'(으)로 변환하면서 데이터가 손실될 수 있습니다.
d:\github\d3dproject_deadpool\d3dxframework\client\codes\camera_debug.cpp(52): warning C4244: '=': 'float'에서 'LONG'(으)로 변환하면서 데이터가 손실될 수 있습니다.
  Camera_Cinematic.cpp
d:\github\d3dproject_deadpool\d3dxframework\client\codes\camera_cinematic.cpp(101): warning C4244: '=': 'double'에서 'float'(으)로 변환하면서 데이터가 손실될 수 있습니다.
d:\github\d3dproject_deadpool\d3dxframework\client\codes\camera_cinematic.cpp(102): warning C4244: '=': 'double'에서 'float'(으)로 변환하면서 데이터가 손실될 수 있습니다.
d:\github\d3dproject_deadpool\d3dxframework\client\codes\camera_cinematic.cpp(103): warning C4244: '=': 'double'에서 'float'(으)로 변환하면서 데이터가 손실될 수 있습니다.
  Brawler_TPose.cpp
d:\github\d3dproject_deadpool\d3dxframework\client\codes\brawler_tpose.cpp(39): warning C4244: '인수': 'int'에서 'FLOAT'(으)로 변환하면서 데이터가 손실될 수 있습니다.
  Brawler_Knife.cpp
  Brawler_ElectricBaton.cpp
  Brawler02.cpp
d:\github\d3dproject_deadpool\d3dxframework\client\codes\brawler02.cpp(39): warning C4244: '인수': 'int'에서 'FLOAT'(으)로 변환하면서 데이터가 손실될 수 있습니다.
  Brawler01.cpp
  Brawler.cpp
  Back_Logo.cpp
  Back_Loading.cpp
  Animator.cpp
d:\github\d3dproject_deadpool\d3dxframework\client\codes\animator.cpp(127): warning C4305: '인수': 'double'에서 'const Engine::_float'(으)로 잘립니다.
  Airplane.cpp
d:\github\d3dproject_deadpool\d3dxframework\client\codes\airplane.cpp(48): warning C4305: '인수': 'double'에서 'FLOAT'(으)로 잘립니다.
  Client.vcxproj -> D:\gitHub\D3DProject_DeadPool\D3DXFrameWork\Client\Default\..\Bin\Client.exe
  Client.vcxproj -> ..\Bin\Client.pdb (Full PDB)
