d:\github\d3dproject_deadpool\d3dxframework\engine\default\debug\vc140.pdb
d:\github\d3dproject_deadpool\d3dxframework\engine\default\debug\vc140.idb
d:\github\d3dproject_deadpool\d3dxframework\engine\default\debug\layer.obj
d:\github\d3dproject_deadpool\d3dxframework\engine\default\debug\light.obj
d:\github\d3dproject_deadpool\d3dxframework\engine\default\debug\light_manager.obj
d:\github\d3dproject_deadpool\d3dxframework\engine\default\debug\management.obj
d:\github\d3dproject_deadpool\d3dxframework\engine\default\debug\mesh_dynamic.obj
d:\github\d3dproject_deadpool\d3dxframework\engine\default\debug\mesh_static.obj
d:\github\d3dproject_deadpool\d3dxframework\engine\default\debug\navigation.obj
d:\github\d3dproject_deadpool\d3dxframework\engine\default\debug\object_manager.obj
d:\github\d3dproject_deadpool\d3dxframework\engine\default\debug\picking.obj
d:\github\d3dproject_deadpool\d3dxframework\engine\default\debug\quadtree.obj
d:\github\d3dproject_deadpool\d3dxframework\engine\default\debug\renderer.obj
d:\github\d3dproject_deadpool\d3dxframework\engine\default\debug\scene.obj
d:\github\d3dproject_deadpool\d3dxframework\engine\default\debug\shader.obj
d:\github\d3dproject_deadpool\d3dxframework\engine\default\debug\target.obj
d:\github\d3dproject_deadpool\d3dxframework\engine\default\debug\target_manager.obj
d:\github\d3dproject_deadpool\d3dxframework\engine\default\debug\texture.obj
d:\github\d3dproject_deadpool\d3dxframework\engine\default\debug\timer.obj
d:\github\d3dproject_deadpool\d3dxframework\engine\default\debug\timer_manager.obj
d:\github\d3dproject_deadpool\d3dxframework\engine\default\debug\transform.obj
d:\github\d3dproject_deadpool\d3dxframework\engine\default\debug\vibuffer.obj
d:\github\d3dproject_deadpool\d3dxframework\engine\default\debug\buffer_collider.obj
d:\github\d3dproject_deadpool\d3dxframework\engine\default\debug\buffer_rccol.obj
d:\github\d3dproject_deadpool\d3dxframework\engine\default\debug\buffer_rctex.obj
d:\github\d3dproject_deadpool\d3dxframework\engine\default\debug\buffer_terrain.obj
d:\github\d3dproject_deadpool\d3dxframework\engine\default\debug\buffer_textui.obj
d:\github\d3dproject_deadpool\d3dxframework\engine\default\debug\buffer_trail.obj
d:\github\d3dproject_deadpool\d3dxframework\engine\default\debug\camera.obj
d:\github\d3dproject_deadpool\d3dxframework\engine\default\debug\cell.obj
d:\github\d3dproject_deadpool\d3dxframework\engine\default\debug\collider.obj
d:\github\d3dproject_deadpool\d3dxframework\engine\default\debug\component.obj
d:\github\d3dproject_deadpool\d3dxframework\engine\default\debug\component_manager.obj
d:\github\d3dproject_deadpool\d3dxframework\engine\default\debug\dxfont.obj
d:\github\d3dproject_deadpool\d3dxframework\engine\default\debug\font_manager.obj
d:\github\d3dproject_deadpool\d3dxframework\engine\default\debug\frame.obj
d:\github\d3dproject_deadpool\d3dxframework\engine\default\debug\frame_manager.obj
d:\github\d3dproject_deadpool\d3dxframework\engine\default\debug\frustum.obj
d:\github\d3dproject_deadpool\d3dxframework\engine\default\debug\gameobject.obj
d:\github\d3dproject_deadpool\d3dxframework\engine\default\debug\graphic_device.obj
d:\github\d3dproject_deadpool\d3dxframework\engine\default\debug\hierarchyloader.obj
d:\github\d3dproject_deadpool\d3dxframework\engine\default\debug\input_device.obj
d:\github\d3dproject_deadpool\d3dxframework\engine\default\debug\animationctrl.obj
d:\github\d3dproject_deadpool\d3dxframework\engine\default\debug\base.obj
d:\github\d3dproject_deadpool\d3dxframework\engine\bin\shader_blend.cso
d:\github\d3dproject_deadpool\d3dxframework\engine\bin\shader_collider.cso
d:\github\d3dproject_deadpool\d3dxframework\engine\bin\shader_lightacc.cso
d:\github\d3dproject_deadpool\d3dxframework\engine\bin\engine.lib
d:\github\d3dproject_deadpool\d3dxframework\engine\bin\engine.exp
d:\github\d3dproject_deadpool\d3dxframework\engine\bin\engine.ilk
d:\github\d3dproject_deadpool\d3dxframework\engine\bin\engine.dll
d:\github\d3dproject_deadpool\d3dxframework\engine\bin\engine.pdb
d:\github\d3dproject_deadpool\d3dxframework\engine\default\debug\engine.res
d:\github\d3dproject_deadpool\d3dxframework\engine\default\..\bin\engine.dll.manifest
d:\github\d3dproject_deadpool\d3dxframework\engine\default\..\bin\engine.dll
d:\github\d3dproject_deadpool\d3dxframework\engine\default\debug\engine.tlog\cl.command.1.tlog
d:\github\d3dproject_deadpool\d3dxframework\engine\default\debug\engine.tlog\cl.read.1.tlog
d:\github\d3dproject_deadpool\d3dxframework\engine\default\debug\engine.tlog\cl.write.1.tlog
d:\github\d3dproject_deadpool\d3dxframework\engine\default\debug\engine.tlog\engine.write.1u.tlog
d:\github\d3dproject_deadpool\d3dxframework\engine\default\debug\engine.tlog\fxc.command.1.tlog
d:\github\d3dproject_deadpool\d3dxframework\engine\default\debug\engine.tlog\fxc.read.1.tlog
d:\github\d3dproject_deadpool\d3dxframework\engine\default\debug\engine.tlog\fxc.write.1.tlog
d:\github\d3dproject_deadpool\d3dxframework\engine\default\debug\engine.tlog\link.command.1.tlog
d:\github\d3dproject_deadpool\d3dxframework\engine\default\debug\engine.tlog\link.read.1.tlog
d:\github\d3dproject_deadpool\d3dxframework\engine\default\debug\engine.tlog\link.write.1.tlog
d:\github\d3dproject_deadpool\d3dxframework\engine\default\debug\engine.tlog\rc.command.1.tlog
d:\github\d3dproject_deadpool\d3dxframework\engine\default\debug\engine.tlog\rc.read.1.tlog
d:\github\d3dproject_deadpool\d3dxframework\engine\default\debug\engine.tlog\rc.write.1.tlog
