d:\github\d3dproject_deadpool\d3dxframework\effecttool\debug\effecttool.pch
d:\github\d3dproject_deadpool\d3dxframework\effecttool\debug\vc140.pdb
d:\github\d3dproject_deadpool\d3dxframework\effecttool\debug\vc140.idb
d:\github\d3dproject_deadpool\d3dxframework\effecttool\debug\stdafx.obj
d:\github\d3dproject_deadpool\d3dxframework\effecttool\debug\effectform.obj
d:\github\d3dproject_deadpool\d3dxframework\effecttool\debug\effectsheet.obj
d:\github\d3dproject_deadpool\d3dxframework\effecttool\debug\effectt.obj
d:\github\d3dproject_deadpool\d3dxframework\effecttool\debug\effecttool.obj
d:\github\d3dproject_deadpool\d3dxframework\effecttool\debug\effecttooldoc.obj
d:\github\d3dproject_deadpool\d3dxframework\effecttool\debug\effecttoolview.obj
d:\github\d3dproject_deadpool\d3dxframework\effecttool\debug\effect_bloodt.obj
d:\github\d3dproject_deadpool\d3dxframework\effecttool\debug\effect_explosiont.obj
d:\github\d3dproject_deadpool\d3dxframework\effecttool\debug\effect_mesh.obj
d:\github\d3dproject_deadpool\d3dxframework\effecttool\debug\effect_rectparticle.obj
d:\github\d3dproject_deadpool\d3dxframework\effecttool\debug\mainfrm.obj
d:\github\d3dproject_deadpool\d3dxframework\effecttool\debug\page_effect.obj
d:\github\d3dproject_deadpool\d3dxframework\effecttool\debug\page_mesheffect.obj
d:\github\d3dproject_deadpool\d3dxframework\effecttool\debug\page_particleeffect.obj
d:\github\d3dproject_deadpool\d3dxframework\effecttool\debug\parenteffect.obj
d:\github\d3dproject_deadpool\d3dxframework\effecttool\debug\toolbase.obj
d:\github\d3dproject_deadpool\d3dxframework\effecttool\debug\toolcamera_effect.obj
d:\github\d3dproject_deadpool\d3dxframework\effecttool\debug\tooleffect.obj
d:\github\d3dproject_deadpool\d3dxframework\effecttool\debug\effect_cloudt.obj
d:\github\d3dproject_deadpool\d3dxframework\effecttool\debug\effect_texbloodt.obj
d:\github\d3dproject_deadpool\d3dxframework\effecttool\debug\effect_bloodmistt.obj
d:\github\d3dproject_deadpool\d3dxframework\effecttool\debug\effect_guncapt.obj
d:\github\d3dproject_deadpool\d3dxframework\effecttool\debug\effect_gunflasht.obj
d:\github\d3dproject_deadpool\d3dxframework\effecttool\debug\effect_cloudbrightt.obj
c:\users\jk\desktop\d3dproject_deadpool\d3dxframework\effecttool\debug\effecttool.pch
c:\users\jk\desktop\d3dproject_deadpool\d3dxframework\effecttool\debug\vc140.pdb
c:\users\jk\desktop\d3dproject_deadpool\d3dxframework\effecttool\debug\vc140.idb
c:\users\jk\desktop\d3dproject_deadpool\d3dxframework\effecttool\debug\stdafx.obj
c:\users\jk\desktop\d3dproject_deadpool\d3dxframework\effecttool\debug\effecttooldoc.obj
c:\users\jk\desktop\d3dproject_deadpool\d3dxframework\effecttool\debug\effecttoolview.obj
c:\users\jk\desktop\d3dproject_deadpool\d3dxframework\effecttool\debug\effect_bloodmistt.obj
c:\users\jk\desktop\d3dproject_deadpool\d3dxframework\effecttool\debug\effect_bloodt.obj
c:\users\jk\desktop\d3dproject_deadpool\d3dxframework\effecttool\debug\effect_cloudbrightt.obj
c:\users\jk\desktop\d3dproject_deadpool\d3dxframework\effecttool\debug\effect_cloudt.obj
c:\users\jk\desktop\d3dproject_deadpool\d3dxframework\effecttool\debug\effect_explosiont.obj
c:\users\jk\desktop\d3dproject_deadpool\d3dxframework\effecttool\debug\effect_guncapt.obj
c:\users\jk\desktop\d3dproject_deadpool\d3dxframework\effecttool\debug\effect_gunflasht.obj
c:\users\jk\desktop\d3dproject_deadpool\d3dxframework\effecttool\debug\effect_mesh.obj
c:\users\jk\desktop\d3dproject_deadpool\d3dxframework\effecttool\debug\effect_rectparticle.obj
c:\users\jk\desktop\d3dproject_deadpool\d3dxframework\effecttool\debug\effect_texbloodt.obj
c:\users\jk\desktop\d3dproject_deadpool\d3dxframework\effecttool\debug\mainfrm.obj
c:\users\jk\desktop\d3dproject_deadpool\d3dxframework\effecttool\debug\page_effect.obj
c:\users\jk\desktop\d3dproject_deadpool\d3dxframework\effecttool\debug\page_mesheffect.obj
c:\users\jk\desktop\d3dproject_deadpool\d3dxframework\effecttool\debug\page_particleeffect.obj
c:\users\jk\desktop\d3dproject_deadpool\d3dxframework\effecttool\debug\parenteffect.obj
c:\users\jk\desktop\d3dproject_deadpool\d3dxframework\effecttool\debug\toolbase.obj
c:\users\jk\desktop\d3dproject_deadpool\d3dxframework\effecttool\debug\toolcamera_effect.obj
c:\users\jk\desktop\d3dproject_deadpool\d3dxframework\effecttool\debug\tooleffect.obj
c:\users\jk\desktop\d3dproject_deadpool\d3dxframework\effecttool\debug\effectform.obj
c:\users\jk\desktop\d3dproject_deadpool\d3dxframework\effecttool\debug\effectsheet.obj
c:\users\jk\desktop\d3dproject_deadpool\d3dxframework\effecttool\debug\effectt.obj
c:\users\jk\desktop\d3dproject_deadpool\d3dxframework\effecttool\debug\effecttool.obj
d:\github\d3dproject_deadpool\d3dxframework\effecttool\bin\shader_collider.cso
d:\github\d3dproject_deadpool\d3dxframework\effecttool\bin\shader_effect.cso
d:\github\d3dproject_deadpool\d3dxframework\effecttool\bin\shader_mesh.cso
d:\github\d3dproject_deadpool\d3dxframework\effecttool\bin\shader_prop.cso
c:\users\jk\desktop\d3dproject_deadpool\d3dxframework\effecttool\bin\shader_collider.cso
c:\users\jk\desktop\d3dproject_deadpool\d3dxframework\effecttool\bin\shader_effect.cso
c:\users\jk\desktop\d3dproject_deadpool\d3dxframework\effecttool\bin\shader_mesh.cso
c:\users\jk\desktop\d3dproject_deadpool\d3dxframework\effecttool\bin\shader_prop.cso
d:\github\d3dproject_deadpool\d3dxframework\effecttool\bin\effecttool.ilk
d:\github\d3dproject_deadpool\d3dxframework\effecttool\bin\effecttool.exe
d:\github\d3dproject_deadpool\d3dxframework\effecttool\bin\effecttool.pdb
c:\users\jk\desktop\d3dproject_deadpool\d3dxframework\effecttool\bin\effecttool.ilk
c:\users\jk\desktop\d3dproject_deadpool\d3dxframework\effecttool\bin\effecttool.exe
c:\users\jk\desktop\d3dproject_deadpool\d3dxframework\effecttool\bin\effecttool.pdb
d:\github\d3dproject_deadpool\d3dxframework\effecttool\debug\effecttool.res
c:\users\jk\desktop\d3dproject_deadpool\d3dxframework\effecttool\debug\effecttool.res
c:\users\jk\desktop\d3dproject_deadpool\d3dxframework\effecttool\.\bin\effecttool.exe
c:\users\jk\desktop\d3dproject_deadpool\d3dxframework\effecttool\debug\effecttool.tlog\cl.command.1.tlog
c:\users\jk\desktop\d3dproject_deadpool\d3dxframework\effecttool\debug\effecttool.tlog\cl.read.1.tlog
c:\users\jk\desktop\d3dproject_deadpool\d3dxframework\effecttool\debug\effecttool.tlog\cl.write.1.tlog
c:\users\jk\desktop\d3dproject_deadpool\d3dxframework\effecttool\debug\effecttool.tlog\effecttool.write.1u.tlog
c:\users\jk\desktop\d3dproject_deadpool\d3dxframework\effecttool\debug\effecttool.tlog\fxc.command.1.tlog
c:\users\jk\desktop\d3dproject_deadpool\d3dxframework\effecttool\debug\effecttool.tlog\fxc.read.1.tlog
c:\users\jk\desktop\d3dproject_deadpool\d3dxframework\effecttool\debug\effecttool.tlog\fxc.write.1.tlog
c:\users\jk\desktop\d3dproject_deadpool\d3dxframework\effecttool\debug\effecttool.tlog\link.command.1.tlog
c:\users\jk\desktop\d3dproject_deadpool\d3dxframework\effecttool\debug\effecttool.tlog\link.read.1.tlog
c:\users\jk\desktop\d3dproject_deadpool\d3dxframework\effecttool\debug\effecttool.tlog\link.write.1.tlog
c:\users\jk\desktop\d3dproject_deadpool\d3dxframework\effecttool\debug\effecttool.tlog\rc.command.1.tlog
c:\users\jk\desktop\d3dproject_deadpool\d3dxframework\effecttool\debug\effecttool.tlog\rc.read.1.tlog
c:\users\jk\desktop\d3dproject_deadpool\d3dxframework\effecttool\debug\effecttool.tlog\rc.write.1.tlog
